  BC4Patcher.cpp
C:\Users\brugnerotto\Desktop\Personale\BC4\BC4Patcher\BC4Patcher.cpp(301,103): warning C4267: 'argument': conversion from 'size_t' to 'int', possible loss of data
C:\Users\brugnerotto\Desktop\Personale\BC4\BC4Patcher\BC4Patcher.cpp(304,79): warning C4267: 'argument': conversion from 'size_t' to 'int', possible loss of data
C:\Users\brugnerotto\Desktop\Personale\BC4\BC4Patcher\BC4Patcher.cpp(329,43): warning C4244: '=': conversion from 'std::streamoff' to 'long', possible loss of data
C:\Program Files\Microsoft Visual Studio\2022\Professional\VC\Tools\MSVC\14.33.31629\include\xstring(2824,53): warning C4244: 'argument': conversion from 'wchar_t' to 'const _Elem', possible loss of data
          with
          [
              _Elem=char
          ]
C:\Program Files\Microsoft Visual Studio\2022\Professional\VC\Tools\MSVC\14.33.31629\include\xstring(2664): message : see reference to function template instantiation 'void std::basic_string<char,std::char_traits<char>,std::allocator<char>>::_Construct_from_iter<wchar_t*>(_Iter,const _Iter)' being compiled
          with
          [
              _Iter=wchar_t *
          ]
C:\Program Files\Microsoft Visual Studio\2022\Professional\VC\Tools\MSVC\14.33.31629\include\xstring(2664): message : see reference to function template instantiation 'void std::basic_string<char,std::char_traits<char>,std::allocator<char>>::_Construct_from_iter<wchar_t*>(_Iter,const _Iter)' being compiled
          with
          [
              _Iter=wchar_t *
          ]
C:\Users\brugnerotto\Desktop\Personale\BC4\BC4Patcher\BC4Patcher.cpp(215): message : see reference to function template instantiation 'std::basic_string<char,std::char_traits<char>,std::allocator<char>>::basic_string<std::_String_iterator<std::_String_val<std::_Simple_types<_Elem>>>,0>(_Iter,_Iter,const _Alloc &)' being compiled
          with
          [
              _Elem=wchar_t,
              _Iter=std::_String_iterator<std::_String_val<std::_Simple_types<wchar_t>>>,
              _Alloc=std::allocator<char>
          ]
C:\Users\brugnerotto\Desktop\Personale\BC4\BC4Patcher\BC4Patcher.cpp(215): message : see reference to function template instantiation 'std::basic_string<char,std::char_traits<char>,std::allocator<char>>::basic_string<std::_String_iterator<std::_String_val<std::_Simple_types<_Elem>>>,0>(_Iter,_Iter,const _Alloc &)' being compiled
          with
          [
              _Elem=wchar_t,
              _Iter=std::_String_iterator<std::_String_val<std::_Simple_types<wchar_t>>>,
              _Alloc=std::allocator<char>
          ]
  Generating code
  Previous IPDB not found, fall back to full compilation.
  All 389 functions were compiled because no usable IPDB/IOBJ from previous compilation was found.
  Finished generating code
  BC4Patcher.vcxproj -> C:\Users\brugnerotto\Desktop\Personale\BC4\x64\Release\BC4Patcher.exe
