  BC4Patcher.cpp
C:\Users\brugn\Desktop\GIT_PROJECTS\BC4Patcher\BC4Patcher\BC4Patcher.cpp(301,103): warning C4267: 'argomento': conversione da 'size_t' a 'int'. Possibile perdita di dati.
C:\Users\brugn\Desktop\GIT_PROJECTS\BC4Patcher\BC4Patcher\BC4Patcher.cpp(304,79): warning C4267: 'argomento': conversione da 'size_t' a 'int'. Possibile perdita di dati.
C:\Users\brugn\Desktop\GIT_PROJECTS\BC4Patcher\BC4Patcher\BC4Patcher.cpp(329,43): warning C4244: '=': conversione da 'std::streamoff' a 'long'. Possibile perdita di dati.
C:\Program Files\Microsoft Visual Studio\2022\Community\VC\Tools\MSVC\14.35.32215\include\xstring(2859,53): warning C4244: 'argomento': conversione da 'wchar_t' a 'const _Elem'. Possibile perdita di dati.
          with
          [
              _Elem=char
          ]
C:\Program Files\Microsoft Visual Studio\2022\Community\VC\Tools\MSVC\14.35.32215\include\xstring(2718,1): message : vedere il riferimento all'istanza 'void std::basic_string<char,std::char_traits<char>,std::allocator<char>>::_Construct_from_iter<wchar_t*,wchar_t*,_Size_type>(_Iter,const _Sent,_Size)' della funzione modello di cui è in corso la compilazione
          with
          [
              _Size_type=unsigned __int64,
              _Iter=wchar_t *,
              _Sent=wchar_t *,
              _Size=unsigned __int64
          ]
C:\Program Files\Microsoft Visual Studio\2022\Community\VC\Tools\MSVC\14.35.32215\include\xstring(2718,37): message : vedere il riferimento all'istanza 'void std::basic_string<char,std::char_traits<char>,std::allocator<char>>::_Construct_from_iter<wchar_t*,wchar_t*,_Size_type>(_Iter,const _Sent,_Size)' della funzione modello di cui è in corso la compilazione
          with
          [
              _Size_type=unsigned __int64,
              _Iter=wchar_t *,
              _Sent=wchar_t *,
              _Size=unsigned __int64
          ]
C:\Users\brugn\Desktop\GIT_PROJECTS\BC4Patcher\BC4Patcher\BC4Patcher.cpp(215): message : vedere il riferimento all'istanza 'std::basic_string<char,std::char_traits<char>,std::allocator<char>>::basic_string<std::_String_iterator<std::_String_val<std::_Simple_types<_Elem>>>,0>(_Iter,_Iter,const _Alloc &)' della funzione modello di cui è in corso la compilazione
          with
          [
              _Elem=wchar_t,
              _Iter=std::_String_iterator<std::_String_val<std::_Simple_types<wchar_t>>>,
              _Alloc=std::allocator<char>
          ]
C:\Users\brugn\Desktop\GIT_PROJECTS\BC4Patcher\BC4Patcher\BC4Patcher.cpp(215,18): message : vedere il riferimento all'istanza 'std::basic_string<char,std::char_traits<char>,std::allocator<char>>::basic_string<std::_String_iterator<std::_String_val<std::_Simple_types<_Elem>>>,0>(_Iter,_Iter,const _Alloc &)' della funzione modello di cui è in corso la compilazione
          with
          [
              _Elem=wchar_t,
              _Iter=std::_String_iterator<std::_String_val<std::_Simple_types<wchar_t>>>,
              _Alloc=std::allocator<char>
          ]
  BC4Patcher.vcxproj -> C:\Users\brugn\Desktop\GIT_PROJECTS\BC4Patcher\x64\Debug\BC4Patcher.exe
